<?xml version="1.0" encoding="UTF-8"?>
<!-- Generated by org.testng.reporters.JUnitReportReporter -->
<testsuite hostname="DESKTOP-53PF0N1" failures="0" tests="4" name="test.IxigoTest" time="47.014" errors="0" timestamp="2021-04-04T12:58:18 IST" skipped="0">
  <testcase classname="test.IxigoTest" name="verifyPage" time="0.164"/>
  <system-out>
Page title verified and matching  </system-out>
  <testcase classname="test.IxigoTest" name="enterTravelDetails" time="23.720"/>
  <system-out/>
  <testcase classname="test.IxigoTest" name="verifySearchResultsAndFilterOptions" time="17.764"/>
  <system-out>
"Non stop" option is present in Stops Filter "1 stop" option is present in Stops Filter "1+ stops" option is present in Stops Filter "00:00 - 06:00" option is present in Departure Filter "06:00 - 12:00" option is present in Departure Filter "12:00 - 18:00" option is present in Departure Filter "18:00 - 24:00" option is present in Departure Filter "AirAsia India" option is present in Airline Filter "SpiceJet" option is present in Airline Filter "Non stop" stop has been selected from stops filter  </system-out>
  <testcase classname="test.IxigoTest" name="printAirlineDetails" time="5.366"/>
  <system-out>
-------------------------------------------------------- Departing flight details where fare is less than 7000 -------------------------------------------------------- Flight Number: SpiceJet  SG8905, Flight Time: 20:35, Flight Fare: 4058 Flight Number: SpiceJet  SG8191, Flight Time: 06:15, Flight Fare: 4058 Flight Number: SpiceJet  SG197, Flight Time: 16:35, Flight Fare: 4058 Flight Number: SpiceJet  SG143, Flight Time: 21:45, Flight Fare: 4058 -------------------------------------------------------- Return flight details where fare is less than 7000 -------------------------------------------------------- Flight Number: AirAsia India  I5722, Flight Time: 00:15, Flight Fare: 5159 Flight Number: IndiGo  6E6139, Flight Time: 14:25, Flight Fare: 5159 Flight Number: Go Air  G8118, Flight Time: 21:00, Flight Fare: 5159 Flight Number: IndiGo  6E2174, Flight Time: 17:40, Flight Fare: 5159 Flight Number: AirAsia India  I5925, Flight Time: 05:15, Flight Fare: 5159 Flight Number: Go Air  G8116, Flight Time: 07:45, Flight Fare: 5159 Flight Number: IndiGo  6E5161, Flight Time: 16:15, Flight Fare: 5159 Flight Number: Air India  AI501, Flight Time: 13:20, Flight Fare: 5160 Flight Number: SpiceJet  SG8906, Flight Time: 23:55, Flight Fare: 5159 Flight Number: Air India  AI503, Flight Time: 17:45, Flight Fare: 5160 Flight Number: IndiGo  6E871, Flight Time: 09:30, Flight Fare: 5159 Flight Number: Air India  AI505, Flight Time: 10:25, Flight Fare: 5160 Flight Number: Air India  AI804, Flight Time: 06:10, Flight Fare: 5160 Flight Number: IndiGo  6E735, Flight Time: 19:25, Flight Fare: 5159 Flight Number: SpiceJet  SG8192, Flight Time: 09:20, Flight Fare: 5159 Flight Number: IndiGo  6E5413, Flight Time: 20:05, Flight Fare: 5159 Flight Number: AirAsia India  I5996, Flight Time: 19:30, Flight Fare: 5159 Flight Number: IndiGo  6E2186, Flight Time: 07:50, Flight Fare: 5159 Flight Number: Go Air  G8403, Flight Time: 04:50, Flight Fare: 5685 Flight Number: IndiGo  6E5708, Flight Time: 06:35, Flight Fare: 5159 Flight Number: IndiGo  6E2018, Flight Time: 05:10, Flight Fare: 5159 Flight Number: IndiGo  6E869, Flight Time: 12:20, Flight Fare: 5159 Flight Number: SpiceJet  SG136, Flight Time: 05:55, Flight Fare: 5159 Flight Number: IndiGo  6E2215, Flight Time: 21:30, Flight Fare: 5159 Flight Number: AirAsia India  I5741, Flight Time: 11:25, Flight Fare: 5159 Flight Number: IndiGo  6E5005, Flight Time: 18:35, Flight Fare: 5159 Flight Number: SpiceJet  SG198, Flight Time: 20:25, Flight Fare: 5159  </system-out>
</testsuite> <!-- test.IxigoTest -->
